<?xml version="1.0" encoding="UTF-8"?>
<testng-results ignored="0" total="1" passed="1" failed="0" skipped="0">
  <reporter-output>
  </reporter-output>
  <suite started-at="2025-03-21T11:05:30 IST" name="Default suite" finished-at="2025-03-21T11:06:02 IST" duration-ms="32215">
    <groups>
    </groups>
    <test started-at="2025-03-21T11:05:30 IST" name="Default test" finished-at="2025-03-21T11:06:02 IST" duration-ms="32215">
      <class name="testPackage.TC_AddToCart_001_Test">
        <test-method is-config="true" signature="browserSetUp()[pri:0, instance:testPackage.TC_AddToCart_001_Test@5ab956d7]" started-at="2025-03-21T11:05:30 IST" name="browserSetUp" finished-at="2025-03-21T11:05:54 IST" duration-ms="24530" status="PASS">
          <reporter-output>
          </reporter-output>
        </test-method> <!-- browserSetUp -->
        <test-method is-config="true" signature="validLogin()[pri:0, instance:testPackage.TC_AddToCart_001_Test@5ab956d7]" started-at="2025-03-21T11:05:54 IST" name="validLogin" finished-at="2025-03-21T11:05:58 IST" duration-ms="3746" status="PASS">
          <reporter-output>
          </reporter-output>
        </test-method> <!-- validLogin -->
        <test-method signature="addToCartMethod()[pri:0, instance:testPackage.TC_AddToCart_001_Test@5ab956d7]" started-at="2025-03-21T11:05:58 IST" name="addToCartMethod" finished-at="2025-03-21T11:06:01 IST" duration-ms="2915" status="PASS">
          <reporter-output>
          </reporter-output>
        </test-method> <!-- addToCartMethod -->
        <test-method is-config="true" signature="logOut()[pri:0, instance:testPackage.TC_AddToCart_001_Test@5ab956d7]" started-at="2025-03-21T11:06:01 IST" name="logOut" finished-at="2025-03-21T11:06:02 IST" duration-ms="960" status="PASS">
          <reporter-output>
          </reporter-output>
        </test-method> <!-- logOut -->
      </class> <!-- testPackage.TC_AddToCart_001_Test -->
    </test> <!-- Default test -->
  </suite> <!-- Default suite -->
</testng-results>
